<?xml version="1.0" encoding="UTF-8"?>
<!-- Generated by org.testng.reporters.JUnitXMLReporter -->
<testsuite hostname="IN01LAP00082" name="Default test" tests="3" failures="0" timestamp="6 May 2018 07:08:17 GMT" time="0.032" errors="0">
  <testcase name="testCase1" time="0.0" classname="testNGPackage.TestNGDemo1"/>
  <testcase name="testCase2" time="0.0" classname="testNGPackage.TestNGDemo1"/>
  <testcase name="testCase3" time="0.0" classname="testNGPackage.TestNGDemo1"/>
</testsuite> <!-- Default test -->
