<?xml version="1.0" encoding="UTF-8"?>
<!-- Generated by org.testng.reporters.JUnitXMLReporter -->
<testsuite hostname="IN01LAP00082" name="Test" tests="6" failures="0" timestamp="6 May 2018 07:11:07 GMT" time="0.049" errors="0">
  <testcase name="testCase6" time="0.015" classname="testNGPackage.TestNGDemo2"/>
  <testcase name="testCase4" time="0.0" classname="testNGPackage.TestNGDemo2"/>
  <testcase name="testCase5" time="0.0" classname="testNGPackage.TestNGDemo2"/>
  <testcase name="testCase1" time="0.0" classname="testNGPackage.TestNGDemo1"/>
  <testcase name="testCase2" time="0.016" classname="testNGPackage.TestNGDemo1"/>
  <testcase name="testCase3" time="0.0" classname="testNGPackage.TestNGDemo1"/>
</testsuite> <!-- Test -->
